#
# There is insufficient memory for the Java Runtime Environment to continue.
# Native memory allocation (mmap) failed to map 1572864 bytes for G1 virtual space
# Possible reasons:
#   The system is out of physical RAM or swap space
#   The process is running with CompressedOops enabled, and the Java Heap may be blocking the growth of the native heap
# Possible solutions:
#   Reduce memory load on the system
#   Increase physical memory or swap space
#   Check if swap backing store is full
#   Decrease Java heap size (-Xmx/-Xms)
#   Decrease number of Java threads
#   Decrease Java thread stack sizes (-Xss)
#   Set larger code cache with -XX:ReservedCodeCacheSize=
#   JVM is running with Zero Based Compressed Oops mode in which the Java heap is
#     placed in the first 32GB address space. The Java Heap base address is the
#     maximum limit for the native heap growth. Please use -XX:HeapBaseMinAddress
#     to set the Java Heap base and to place the Java Heap above 32GB virtual address.
# This output file may be truncated or incomplete.
#
#  Out of Memory Error (os_windows.cpp:3771), pid=145412, tid=11532
#
# JRE version:  (17.0.7+10) (build )
# Java VM: OpenJDK 64-Bit Server VM (17.0.7+10-b829.16, mixed mode, sharing, tiered, compressed oops, compressed class ptrs, g1 gc, windows-amd64)
# No core dump will be written. Minidumps are not enabled by default on client versions of Windows
#

---------------  S U M M A R Y ------------

Command Line: git4idea.http.GitAskPassApp Username for 'https://github.com': 

Host: Intel(R) Core(TM) i7-8700 CPU @ 3.20GHz, 12 cores, 47G,  Windows 11 , 64 bit Build 22621 (10.0.22621.2070)
Time: Fri Sep 22 16:43:00 2023  Windows 11 , 64 bit Build 22621 (10.0.22621.2070) elapsed time: 0.098041 seconds (0d 0h 0m 0s)

---------------  T H R E A D  ---------------

Current thread (0x000001f42ed98ba0):  JavaThread "Unknown thread" [_thread_in_vm, id=11532, stack(0x000000c47a400000,0x000000c47a500000)]

Stack: [0x000000c47a400000,0x000000c47a500000]
Native frames: (J=compiled Java code, j=interpreted, Vv=VM code, C=native code)
V  [jvm.dll+0x683cca]
V  [jvm.dll+0x8424b4]
V  [jvm.dll+0x843cae]
V  [jvm.dll+0x844313]
V  [jvm.dll+0x24ad2f]
V  [jvm.dll+0x680b99]
V  [jvm.dll+0x67526a]
V  [jvm.dll+0x30b3cb]
V  [jvm.dll+0x312876]
V  [jvm.dll+0x362259]
V  [jvm.dll+0x36244f]
V  [jvm.dll+0x2e14a8]
V  [jvm.dll+0x2e2414]
V  [jvm.dll+0x814441]
V  [jvm.dll+0x36ffe1]
V  [jvm.dll+0x7f3a1c]
V  [jvm.dll+0x3f305f]
V  [jvm.dll+0x3f4b91]
C  [jli.dll+0x528f]
C  [ucrtbase.dll+0x29363]
C  [KERNEL32.DLL+0x126ad]
C  [ntdll.dll+0x5aa68]


---------------  P R O C E S S  ---------------

Threads class SMR info:
_java_thread_list=0x00007ffb84abb098, length=0, elements={
}

Java Threads: ( => current thread )

Other Threads:
  0x000001f42ee51f90 GCTaskThread "GC Thread#0" [stack: 0x000000c47a500000,0x000000c47a600000] [id=55420]
  0x000001f45e0b0080 ConcurrentGCThread "G1 Main Marker" [stack: 0x000000c47a600000,0x000000c47a700000] [id=164076]
  0x000001f45e0b12a0 ConcurrentGCThread "G1 Conc#0" [stack: 0x000000c47a700000,0x000000c47a800000] [id=147724]

[error occurred during error reporting (printing all threads), id 0xc0000005, EXCEPTION_ACCESS_VIOLATION (0xc0000005) at pc=0x00007ffb84272087]

VM state: not at safepoint (not fully initialized)

VM Mutex/Monitor currently owned by a thread:  ([mutex/lock_event])
[0x000001f42ed93240] Heap_lock - owner thread: 0x000001f42ed98ba0

Heap address: 0x0000000503000000, size: 12240 MB, Compressed Oops mode: Zero based, Oop shift amount: 3

CDS archive(s) mapped at: [0x0000000000000000-0x0000000000000000-0x0000000000000000), size 0, SharedBaseAddress: 0x0000000800000000, ArchiveRelocationMode: 0.
Narrow klass base: 0x0000000000000000, Narrow klass shift: 0, Narrow klass range: 0x0

GC Precious Log:
<Empty>

Heap:
 garbage-first heap   total 0K, used 0K [0x0000000503000000, 0x0000000800000000)
  region size 8192K, 0 young (0K), 0 survivors (0K)

[error occurred during error reporting (printing heap information), id 0xc0000005, EXCEPTION_ACCESS_VIOLATION (0xc0000005) at pc=0x00007ffb8465df59]

GC Heap History (0 events):
No events

Dll operation events (1 events):
Event: 0.067 Loaded shared library D:\JetBrains\PyCharm 2023.1.4\jbr\bin\java.dll

Deoptimization events (0 events):
No events

Classes unloaded (0 events):
No events

Classes redefined (0 events):
No events

Internal exceptions (0 events):
No events

VM Operations (0 events):
No events

Events (0 events):
No events


Dynamic libraries:
0x00007ff7cee00000 - 0x00007ff7cee0a000 	D:\JetBrains\PyCharm 2023.1.4\jbr\bin\java.exe
0x00007ffbe8db0000 - 0x00007ffbe8fc4000 	C:\WINDOWS\SYSTEM32\ntdll.dll
0x00007ffbe71f0000 - 0x00007ffbe72b4000 	C:\WINDOWS\System32\KERNEL32.DLL
0x00007ffbe62a0000 - 0x00007ffbe6644000 	C:\WINDOWS\System32\KERNELBASE.dll
0x00007ffbe6770000 - 0x00007ffbe6881000 	C:\WINDOWS\System32\ucrtbase.dll
0x00007ffbda350000 - 0x00007ffbda367000 	D:\JetBrains\PyCharm 2023.1.4\jbr\bin\jli.dll
0x00007ffbc56b0000 - 0x00007ffbc56cb000 	D:\JetBrains\PyCharm 2023.1.4\jbr\bin\VCRUNTIME140.dll
0x00007ffbe8360000 - 0x00007ffbe850a000 	C:\WINDOWS\System32\USER32.dll
0x00007ffbe69d0000 - 0x00007ffbe69f6000 	C:\WINDOWS\System32\win32u.dll
0x00007ffbe8530000 - 0x00007ffbe8559000 	C:\WINDOWS\System32\GDI32.dll
0x00007ffbe6650000 - 0x00007ffbe6769000 	C:\WINDOWS\System32\gdi32full.dll
0x00007ffbd0470000 - 0x00007ffbd06ff000 	C:\WINDOWS\WinSxS\amd64_microsoft.windows.common-controls_6595b64144ccf1df_6.0.22621.2070_none_2713e6537381f706\COMCTL32.dll
0x00007ffbe6200000 - 0x00007ffbe629a000 	C:\WINDOWS\System32\msvcp_win.dll
0x00007ffbe6d90000 - 0x00007ffbe6e37000 	C:\WINDOWS\System32\msvcrt.dll
0x00007ffbe73f0000 - 0x00007ffbe7421000 	C:\WINDOWS\System32\IMM32.DLL
0x00007ffbde8c0000 - 0x00007ffbde8cc000 	D:\JetBrains\PyCharm 2023.1.4\jbr\bin\vcruntime140_1.dll
0x00007ffba7e90000 - 0x00007ffba7f1d000 	D:\JetBrains\PyCharm 2023.1.4\jbr\bin\msvcp140.dll
0x00007ffb83f80000 - 0x00007ffb84bee000 	D:\JetBrains\PyCharm 2023.1.4\jbr\bin\server\jvm.dll
0x00007ffbe6f60000 - 0x00007ffbe7010000 	C:\WINDOWS\System32\ADVAPI32.dll
0x00007ffbe7050000 - 0x00007ffbe70f6000 	C:\WINDOWS\System32\sechost.dll
0x00007ffbe6e40000 - 0x00007ffbe6f57000 	C:\WINDOWS\System32\RPCRT4.dll
0x00007ffbdeb00000 - 0x00007ffbdeb09000 	C:\WINDOWS\SYSTEM32\WSOCK32.dll
0x00007ffbc9090000 - 0x00007ffbc90c4000 	C:\WINDOWS\SYSTEM32\WINMM.dll
0x00007ffbe15b0000 - 0x00007ffbe15ba000 	C:\WINDOWS\SYSTEM32\VERSION.dll
0x00007ffbe72c0000 - 0x00007ffbe7331000 	C:\WINDOWS\System32\WS2_32.dll
0x00007ffbe51d0000 - 0x00007ffbe51e8000 	C:\WINDOWS\SYSTEM32\kernel.appcore.dll
0x00007ffbddfb0000 - 0x00007ffbddfba000 	D:\JetBrains\PyCharm 2023.1.4\jbr\bin\jimage.dll
0x00007ffbe3a50000 - 0x00007ffbe3c7e000 	C:\WINDOWS\SYSTEM32\DBGHELP.DLL
0x00007ffbe89e0000 - 0x00007ffbe8d6a000 	C:\WINDOWS\System32\combase.dll
0x00007ffbe7110000 - 0x00007ffbe71e7000 	C:\WINDOWS\System32\OLEAUT32.dll
0x00007ffbde720000 - 0x00007ffbde752000 	C:\WINDOWS\SYSTEM32\dbgcore.DLL
0x00007ffbe6890000 - 0x00007ffbe690a000 	C:\WINDOWS\System32\bcryptPrimitives.dll
0x00007ffbda8d0000 - 0x00007ffbda8f5000 	D:\JetBrains\PyCharm 2023.1.4\jbr\bin\java.dll

dbghelp: loaded successfully - version: 4.0.5 - missing functions: none
symbol engine: initialized successfully - sym options: 0x614 - pdb path: .;D:\JetBrains\PyCharm 2023.1.4\jbr\bin;C:\WINDOWS\SYSTEM32;C:\WINDOWS\WinSxS\amd64_microsoft.windows.common-controls_6595b64144ccf1df_6.0.22621.2070_none_2713e6537381f706;D:\JetBrains\PyCharm 2023.1.4\jbr\bin\server

VM Arguments:
java_command: git4idea.http.GitAskPassApp Username for 'https://github.com': 
java_class_path (initial): D:/JetBrains/PyCharm 2023.1.4/plugins/vcs-git/lib/git4idea-rt.jar;D:/JetBrains/PyCharm 2023.1.4/lib/externalProcess-rt.jar
Launcher Type: SUN_STANDARD

[Global flags]
     intx CICompilerCount                          = 4                                         {product} {ergonomic}
     uint ConcGCThreads                            = 3                                         {product} {ergonomic}
     uint G1ConcRefinementThreads                  = 10                                        {product} {ergonomic}
   size_t G1HeapRegionSize                         = 8388608                                   {product} {ergonomic}
    uintx GCDrainStackTargetSize                   = 64                                        {product} {ergonomic}
   size_t InitialHeapSize                          = 805306368                                 {product} {ergonomic}
   size_t MarkStackSize                            = 4194304                                   {product} {ergonomic}
   size_t MaxHeapSize                              = 12834570240                               {product} {ergonomic}
   size_t MinHeapDeltaBytes                        = 8388608                                   {product} {ergonomic}
   size_t MinHeapSize                              = 8388608                                   {product} {ergonomic}
    uintx NonNMethodCodeHeapSize                   = 5839372                                {pd product} {ergonomic}
    uintx NonProfiledCodeHeapSize                  = 122909434                              {pd product} {ergonomic}
    uintx ProfiledCodeHeapSize                     = 122909434                              {pd product} {ergonomic}
    uintx ReservedCodeCacheSize                    = 251658240                              {pd product} {ergonomic}
     bool SegmentedCodeCache                       = true                                      {product} {ergonomic}
   size_t SoftMaxHeapSize                          = 12834570240                            {manageable} {ergonomic}
     bool UseCompressedClassPointers               = true                           {product lp64_product} {ergonomic}
     bool UseCompressedOops                        = true                           {product lp64_product} {ergonomic}
     bool UseG1GC                                  = true                                      {product} {ergonomic}
     bool UseLargePagesIndividualAllocation        = false                                  {pd product} {ergonomic}

Logging:
Log output configuration:
 #0: stdout all=warning uptime,level,tags
 #1: stderr all=off uptime,level,tags

Environment Variables:
PATH=C:/Program Files/Git/mingw64/libexec/git-core;C:/Program Files/Git/mingw64/libexec/git-core;C:\Program Files\Git\mingw64\bin;C:\Program Files\Git\usr\bin;C:\Users\XuYaoJian\bin;D:\Python311\Scripts\;D:\Python311\;C:\Program Files (x86)\Intel\Intel(R) Management Engine Components\iCLS\;C:\Program Files\Intel\Intel(R) Management Engine Components\iCLS\;C:\WINDOWS\system32;C:\WINDOWS;C:\WINDOWS\System32\Wbem;C:\WINDOWS\System32\WindowsPowerShell\v1.0\;C:\WINDOWS\System32\OpenSSH\;C:\Program Files (x86)\Intel\Intel(R) Management Engine Components\DAL;C:\Program Files\Intel\Intel(R) Management Engine Components\DAL;D:\NetSarang\Xftp 7\;D:\NetSarang\Xshell 7\;C:\Users\XuYaoJian\AppData\Local\Microsoft\WindowsApps;D:\JetBrains\PyCharm 2023.1.4\bin
USERNAME=XuYaoJian
DISPLAY=:0.0
LC_ALL=en_US.UTF-8
TERM=xterm-256color
TMPDIR=C:\Users\XUYAOJ~1\AppData\Local\Temp
OS=Windows_NT
PROCESSOR_IDENTIFIER=Intel64 Family 6 Model 158 Stepping 10, GenuineIntel
TMP=C:\Users\XUYAOJ~1\AppData\Local\Temp
TEMP=C:\Users\XUYAOJ~1\AppData\Local\Temp


JNI global refs:

[error occurred during error reporting (JNI global references), id 0xc0000005, EXCEPTION_ACCESS_VIOLATION (0xc0000005) at pc=0x00007ffb84037fc0]


---------------  S Y S T E M  ---------------

OS:
 Windows 11 , 64 bit Build 22621 (10.0.22621.2070)
OS uptime: 32 days 4:50 hours

CPU: total 12 (initial active 12) (6 cores per cpu, 2 threads per core) family 6 model 158 stepping 10 microcode 0xde, cx8, cmov, fxsr, ht, mmx, 3dnowpref, sse, sse2, sse3, ssse3, sse4.1, sse4.2, popcnt, lzcnt, tsc, tscinvbit, avx, avx2, aes, erms, clmul, bmi1, bmi2, rtm, adx, fma, vzeroupper, clflush, clflushopt

Memory: 4k page, system-wide physical 48948M (17741M free)
TotalPageFile size 64046M (AvailPageFile size 86M)
current process WorkingSet (physical memory assigned to process): 11M, peak: 11M
current process commit charge ("private bytes"): 858M, peak: 859M

vm_info: OpenJDK 64-Bit Server VM (17.0.7+10-b829.16) for windows-amd64 JRE (17.0.7+10-b829.16), built on 2023-06-02 by "builduser" with MS VC++ 16.10 / 16.11 (VS2019)

END.
